<?xml version="1.0" encoding="UTF-8"?>
<testsuite xmlns:xsi="http://www.w3.org/2001/XMLSchema-instance" xsi:noNamespaceSchemaLocation="https://maven.apache.org/surefire/maven-surefire-plugin/xsd/surefire-test-report-3.0.xsd" version="3.0" name="TestSuite" time="58.65" tests="10" errors="0" skipped="0" failures="0">
  <properties>
    <property name="java.specification.version" value="20"/>
    <property name="sun.cpu.isalist" value="amd64"/>
    <property name="sun.jnu.encoding" value="Cp1252"/>
    <property name="java.class.path" value="C:\E\workspaces\workSpace_RestAssured_P1\UIAutomationSelenium1\target\test-classes;C:\E\workspaces\workSpace_RestAssured_P1\UIAutomationSelenium1\target\classes;C:\Users\Parag\.m2\repository\org\seleniumhq\selenium\selenium-java\4.9.1\selenium-java-4.9.1.jar;C:\Users\Parag\.m2\repository\org\seleniumhq\selenium\selenium-api\4.9.1\selenium-api-4.9.1.jar;C:\Users\Parag\.m2\repository\org\seleniumhq\selenium\selenium-chrome-driver\4.9.1\selenium-chrome-driver-4.9.1.jar;C:\Users\Parag\.m2\repository\com\google\auto\service\auto-service-annotations\1.0.1\auto-service-annotations-1.0.1.jar;C:\Users\Parag\.m2\repository\com\google\auto\service\auto-service\1.0.1\auto-service-1.0.1.jar;C:\Users\Parag\.m2\repository\com\google\auto\auto-common\1.2\auto-common-1.2.jar;C:\Users\Parag\.m2\repository\org\seleniumhq\selenium\selenium-chromium-driver\4.9.1\selenium-chromium-driver-4.9.1.jar;C:\Users\Parag\.m2\repository\org\seleniumhq\selenium\selenium-json\4.9.1\selenium-json-4.9.1.jar;C:\Users\Parag\.m2\repository\org\seleniumhq\selenium\selenium-manager\4.9.1\selenium-manager-4.9.1.jar;C:\Users\Parag\.m2\repository\org\seleniumhq\selenium\selenium-devtools-v111\4.9.1\selenium-devtools-v111-4.9.1.jar;C:\Users\Parag\.m2\repository\org\seleniumhq\selenium\selenium-devtools-v112\4.9.1\selenium-devtools-v112-4.9.1.jar;C:\Users\Parag\.m2\repository\org\seleniumhq\selenium\selenium-devtools-v113\4.9.1\selenium-devtools-v113-4.9.1.jar;C:\Users\Parag\.m2\repository\org\seleniumhq\selenium\selenium-devtools-v85\4.9.1\selenium-devtools-v85-4.9.1.jar;C:\Users\Parag\.m2\repository\org\seleniumhq\selenium\selenium-edge-driver\4.9.1\selenium-edge-driver-4.9.1.jar;C:\Users\Parag\.m2\repository\org\seleniumhq\selenium\selenium-firefox-driver\4.9.1\selenium-firefox-driver-4.9.1.jar;C:\Users\Parag\.m2\repository\org\seleniumhq\selenium\selenium-http\4.9.1\selenium-http-4.9.1.jar;C:\Users\Parag\.m2\repository\dev\failsafe\failsafe\3.3.1\failsafe-3.3.1.jar;C:\Users\Parag\.m2\repository\org\seleniumhq\selenium\selenium-ie-driver\4.9.1\selenium-ie-driver-4.9.1.jar;C:\Users\Parag\.m2\repository\org\seleniumhq\selenium\selenium-remote-driver\4.9.1\selenium-remote-driver-4.9.1.jar;C:\Users\Parag\.m2\repository\io\netty\netty-buffer\4.1.91.Final\netty-buffer-4.1.91.Final.jar;C:\Users\Parag\.m2\repository\io\netty\netty-codec-http\4.1.91.Final\netty-codec-http-4.1.91.Final.jar;C:\Users\Parag\.m2\repository\io\netty\netty-codec\4.1.91.Final\netty-codec-4.1.91.Final.jar;C:\Users\Parag\.m2\repository\io\netty\netty-handler\4.1.91.Final\netty-handler-4.1.91.Final.jar;C:\Users\Parag\.m2\repository\io\netty\netty-common\4.1.91.Final\netty-common-4.1.91.Final.jar;C:\Users\Parag\.m2\repository\io\netty\netty-transport-classes-epoll\4.1.91.Final\netty-transport-classes-epoll-4.1.91.Final.jar;C:\Users\Parag\.m2\repository\io\netty\netty-transport-classes-kqueue\4.1.91.Final\netty-transport-classes-kqueue-4.1.91.Final.jar;C:\Users\Parag\.m2\repository\io\netty\netty-transport-native-epoll\4.1.91.Final\netty-transport-native-epoll-4.1.91.Final.jar;C:\Users\Parag\.m2\repository\io\netty\netty-transport-native-kqueue\4.1.91.Final\netty-transport-native-kqueue-4.1.91.Final.jar;C:\Users\Parag\.m2\repository\io\netty\netty-transport-native-unix-common\4.1.91.Final\netty-transport-native-unix-common-4.1.91.Final.jar;C:\Users\Parag\.m2\repository\io\netty\netty-transport\4.1.91.Final\netty-transport-4.1.91.Final.jar;C:\Users\Parag\.m2\repository\io\netty\netty-resolver\4.1.91.Final\netty-resolver-4.1.91.Final.jar;C:\Users\Parag\.m2\repository\io\opentelemetry\opentelemetry-api\1.25.0\opentelemetry-api-1.25.0.jar;C:\Users\Parag\.m2\repository\io\opentelemetry\opentelemetry-context\1.25.0\opentelemetry-context-1.25.0.jar;C:\Users\Parag\.m2\repository\io\opentelemetry\opentelemetry-exporter-logging\1.25.0\opentelemetry-exporter-logging-1.25.0.jar;C:\Users\Parag\.m2\repository\io\opentelemetry\opentelemetry-sdk-metrics\1.25.0\opentelemetry-sdk-metrics-1.25.0.jar;C:\Users\Parag\.m2\repository\io\opentelemetry\opentelemetry-sdk-logs\1.25.0-alpha\opentelemetry-sdk-logs-1.25.0-alpha.jar;C:\Users\Parag\.m2\repository\io\opentelemetry\opentelemetry-api-logs\1.25.0-alpha\opentelemetry-api-logs-1.25.0-alpha.jar;C:\Users\Parag\.m2\repository\io\opentelemetry\opentelemetry-api-events\1.25.0-alpha\opentelemetry-api-events-1.25.0-alpha.jar;C:\Users\Parag\.m2\repository\io\opentelemetry\opentelemetry-sdk-common\1.25.0\opentelemetry-sdk-common-1.25.0.jar;C:\Users\Parag\.m2\repository\io\opentelemetry\opentelemetry-sdk-extension-autoconfigure-spi\1.25.0\opentelemetry-sdk-extension-autoconfigure-spi-1.25.0.jar;C:\Users\Parag\.m2\repository\io\opentelemetry\opentelemetry-sdk-extension-autoconfigure\1.25.0-alpha\opentelemetry-sdk-extension-autoconfigure-1.25.0-alpha.jar;C:\Users\Parag\.m2\repository\io\opentelemetry\opentelemetry-sdk-trace\1.25.0\opentelemetry-sdk-trace-1.25.0.jar;C:\Users\Parag\.m2\repository\io\opentelemetry\opentelemetry-sdk\1.25.0\opentelemetry-sdk-1.25.0.jar;C:\Users\Parag\.m2\repository\io\opentelemetry\opentelemetry-semconv\1.25.0-alpha\opentelemetry-semconv-1.25.0-alpha.jar;C:\Users\Parag\.m2\repository\io\ous\jtoml\2.0.0\jtoml-2.0.0.jar;C:\Users\Parag\.m2\repository\net\bytebuddy\byte-buddy\1.14.4\byte-buddy-1.14.4.jar;C:\Users\Parag\.m2\repository\org\apache\commons\commons-exec\1.3\commons-exec-1.3.jar;C:\Users\Parag\.m2\repository\org\asynchttpclient\async-http-client\2.12.3\async-http-client-2.12.3.jar;C:\Users\Parag\.m2\repository\org\asynchttpclient\async-http-client-netty-utils\2.12.3\async-http-client-netty-utils-2.12.3.jar;C:\Users\Parag\.m2\repository\io\netty\netty-codec-socks\4.1.60.Final\netty-codec-socks-4.1.60.Final.jar;C:\Users\Parag\.m2\repository\io\netty\netty-handler-proxy\4.1.60.Final\netty-handler-proxy-4.1.60.Final.jar;C:\Users\Parag\.m2\repository\io\netty\netty-transport-native-epoll\4.1.60.Final\netty-transport-native-epoll-4.1.60.Final-linux-x86_64.jar;C:\Users\Parag\.m2\repository\io\netty\netty-transport-native-kqueue\4.1.60.Final\netty-transport-native-kqueue-4.1.60.Final-osx-x86_64.jar;C:\Users\Parag\.m2\repository\com\typesafe\netty\netty-reactive-streams\2.0.4\netty-reactive-streams-2.0.4.jar;C:\Users\Parag\.m2\repository\com\sun\activation\jakarta.activation\1.2.2\jakarta.activation-1.2.2.jar;C:\Users\Parag\.m2\repository\org\seleniumhq\selenium\selenium-safari-driver\4.9.1\selenium-safari-driver-4.9.1.jar;C:\Users\Parag\.m2\repository\org\seleniumhq\selenium\selenium-support\4.9.1\selenium-support-4.9.1.jar;C:\Users\Parag\.m2\repository\io\github\bonigarcia\webdrivermanager\5.3.3\webdrivermanager-5.3.3.jar;C:\Users\Parag\.m2\repository\org\slf4j\slf4j-api\2.0.7\slf4j-api-2.0.7.jar;C:\Users\Parag\.m2\repository\com\github\docker-java\docker-java\3.3.0\docker-java-3.3.0.jar;C:\Users\Parag\.m2\repository\com\github\docker-java\docker-java-core\3.3.0\docker-java-core-3.3.0.jar;C:\Users\Parag\.m2\repository\com\github\docker-java\docker-java-api\3.3.0\docker-java-api-3.3.0.jar;C:\Users\Parag\.m2\repository\org\bouncycastle\bcpkix-jdk15on\1.64\bcpkix-jdk15on-1.64.jar;C:\Users\Parag\.m2\repository\org\bouncycastle\bcprov-jdk15on\1.64\bcprov-jdk15on-1.64.jar;C:\Users\Parag\.m2\repository\org\slf4j\jcl-over-slf4j\1.7.30\jcl-over-slf4j-1.7.30.jar;C:\Users\Parag\.m2\repository\com\github\docker-java\docker-java-transport-httpclient5\3.3.0\docker-java-transport-httpclient5-3.3.0.jar;C:\Users\Parag\.m2\repository\com\github\docker-java\docker-java-transport\3.3.0\docker-java-transport-3.3.0.jar;C:\Users\Parag\.m2\repository\net\java\dev\jna\jna\5.12.1\jna-5.12.1.jar;C:\Users\Parag\.m2\repository\org\brotli\dec\0.1.2\dec-0.1.2.jar;C:\Users\Parag\.m2\repository\org\apache\commons\commons-lang3\3.12.0\commons-lang3-3.12.0.jar;C:\Users\Parag\.m2\repository\org\apache\httpcomponents\client5\httpclient5\5.2.1\httpclient5-5.2.1.jar;C:\Users\Parag\.m2\repository\org\apache\httpcomponents\core5\httpcore5\5.2\httpcore5-5.2.jar;C:\Users\Parag\.m2\repository\org\apache\httpcomponents\core5\httpcore5-h2\5.2\httpcore5-h2-5.2.jar;C:\Users\Parag\.m2\repository\commons-io\commons-io\2.12.0\commons-io-2.12.0.jar;C:\Users\Parag\.m2\repository\org\testng\testng\7.8.0\testng-7.8.0.jar;C:\Users\Parag\.m2\repository\com\beust\jcommander\1.82\jcommander-1.82.jar;C:\Users\Parag\.m2\repository\org\webjars\jquery\3.6.1\jquery-3.6.1.jar;C:\Users\Parag\.m2\repository\org\apache\poi\poi-ooxml\5.2.3\poi-ooxml-5.2.3.jar;C:\Users\Parag\.m2\repository\org\apache\poi\poi-ooxml-lite\5.2.3\poi-ooxml-lite-5.2.3.jar;C:\Users\Parag\.m2\repository\org\apache\xmlbeans\xmlbeans\5.1.1\xmlbeans-5.1.1.jar;C:\Users\Parag\.m2\repository\org\apache\commons\commons-compress\1.21\commons-compress-1.21.jar;C:\Users\Parag\.m2\repository\com\github\virtuald\curvesapi\1.07\curvesapi-1.07.jar;C:\Users\Parag\.m2\repository\org\apache\commons\commons-collections4\4.4\commons-collections4-4.4.jar;C:\Users\Parag\.m2\repository\org\apache\poi\poi\5.2.3\poi-5.2.3.jar;C:\Users\Parag\.m2\repository\commons-codec\commons-codec\1.15\commons-codec-1.15.jar;C:\Users\Parag\.m2\repository\org\apache\commons\commons-math3\3.6.1\commons-math3-3.6.1.jar;C:\Users\Parag\.m2\repository\com\zaxxer\SparseBitSet\1.2\SparseBitSet-1.2.jar;C:\Users\Parag\.m2\repository\com\guicedee\services\apache-poi-ooxml\62\apache-poi-ooxml-62.jar;C:\Users\Parag\.m2\repository\com\guicedee\services\commons-compress\62\commons-compress-62.jar;C:\Users\Parag\.m2\repository\com\guicedee\services\commons-xmlbeans\62\commons-xmlbeans-62.jar;C:\Users\Parag\.m2\repository\com\guicedee\services\apache-poi\62\apache-poi-62.jar;C:\Users\Parag\.m2\repository\com\guicedee\services\commons-logging\62\commons-logging-62.jar;C:\Users\Parag\.m2\repository\com\guicedee\services\commons-codec\62\commons-codec-62.jar;C:\Users\Parag\.m2\repository\com\guicedee\services\commons-math3\62\commons-math3-62.jar;C:\Users\Parag\.m2\repository\com\guicedee\services\commons-collections4\62\commons-collections4-62.jar;C:\Users\Parag\.m2\repository\com\guicedee\services\jakarta.xml.bind-api\62\jakarta.xml.bind-api-62.jar;C:\Users\Parag\.m2\repository\com\guicedee\services\jakarta.activation\62\jakarta.activation-62.jar;C:\Users\Parag\.m2\repository\com\guicedee\services\jakarta.validation-api\62\jakarta.validation-api-62.jar;C:\Users\Parag\.m2\repository\org\codehaus\woodstox\stax2-api\4.2\stax2-api-4.2.jar;C:\Users\Parag\.m2\repository\org\jvnet\staxex\stax-ex\1.8.2\stax-ex-1.8.2.jar;C:\Users\Parag\.m2\repository\org\apache\logging\log4j\log4j-to-slf4j\2.8.2\log4j-to-slf4j-2.8.2.jar;C:\Users\Parag\.m2\repository\io\rest-assured\rest-assured\5.3.1\rest-assured-5.3.1.jar;C:\Users\Parag\.m2\repository\org\apache\groovy\groovy\4.0.11\groovy-4.0.11.jar;C:\Users\Parag\.m2\repository\org\apache\groovy\groovy-xml\4.0.11\groovy-xml-4.0.11.jar;C:\Users\Parag\.m2\repository\org\apache\httpcomponents\httpclient\4.5.13\httpclient-4.5.13.jar;C:\Users\Parag\.m2\repository\org\apache\httpcomponents\httpcore\4.4.13\httpcore-4.4.13.jar;C:\Users\Parag\.m2\repository\commons-logging\commons-logging\1.2\commons-logging-1.2.jar;C:\Users\Parag\.m2\repository\org\apache\httpcomponents\httpmime\4.5.13\httpmime-4.5.13.jar;C:\Users\Parag\.m2\repository\org\hamcrest\hamcrest\2.2\hamcrest-2.2.jar;C:\Users\Parag\.m2\repository\org\ccil\cowan\tagsoup\tagsoup\1.2.1\tagsoup-1.2.1.jar;C:\Users\Parag\.m2\repository\com\google\code\gson\gson\2.10.1\gson-2.10.1.jar;C:\Users\Parag\.m2\repository\io\rest-assured\json-path\5.3.1\json-path-5.3.1.jar;C:\Users\Parag\.m2\repository\org\apache\groovy\groovy-json\4.0.11\groovy-json-4.0.11.jar;C:\Users\Parag\.m2\repository\io\rest-assured\json-schema-validator\5.3.1\json-schema-validator-5.3.1.jar;C:\Users\Parag\.m2\repository\com\github\java-json-tools\json-schema-validator\2.2.14\json-schema-validator-2.2.14.jar;C:\Users\Parag\.m2\repository\com\github\java-json-tools\jackson-coreutils-equivalence\1.0\jackson-coreutils-equivalence-1.0.jar;C:\Users\Parag\.m2\repository\com\github\java-json-tools\jackson-coreutils\2.0\jackson-coreutils-2.0.jar;C:\Users\Parag\.m2\repository\com\github\java-json-tools\msg-simple\1.2\msg-simple-1.2.jar;C:\Users\Parag\.m2\repository\com\github\java-json-tools\btf\1.3\btf-1.3.jar;C:\Users\Parag\.m2\repository\com\github\java-json-tools\json-schema-core\1.2.14\json-schema-core-1.2.14.jar;C:\Users\Parag\.m2\repository\com\github\java-json-tools\uri-template\0.10\uri-template-0.10.jar;C:\Users\Parag\.m2\repository\org\mozilla\rhino\1.7.7.2\rhino-1.7.7.2.jar;C:\Users\Parag\.m2\repository\com\sun\mail\mailapi\1.6.2\mailapi-1.6.2.jar;C:\Users\Parag\.m2\repository\joda-time\joda-time\2.10.5\joda-time-2.10.5.jar;C:\Users\Parag\.m2\repository\com\googlecode\libphonenumber\libphonenumber\8.11.1\libphonenumber-8.11.1.jar;C:\Users\Parag\.m2\repository\com\google\code\findbugs\jsr305\3.0.2\jsr305-3.0.2.jar;C:\Users\Parag\.m2\repository\net\sf\jopt-simple\jopt-simple\5.0.4\jopt-simple-5.0.4.jar;C:\Users\Parag\.m2\repository\com\google\guava\guava\32.0.1-jre\guava-32.0.1-jre.jar;C:\Users\Parag\.m2\repository\com\google\guava\failureaccess\1.0.1\failureaccess-1.0.1.jar;C:\Users\Parag\.m2\repository\com\google\guava\listenablefuture\9999.0-empty-to-avoid-conflict-with-guava\listenablefuture-9999.0-empty-to-avoid-conflict-with-guava.jar;C:\Users\Parag\.m2\repository\org\checkerframework\checker-qual\3.33.0\checker-qual-3.33.0.jar;C:\Users\Parag\.m2\repository\com\google\errorprone\error_prone_annotations\2.18.0\error_prone_annotations-2.18.0.jar;C:\Users\Parag\.m2\repository\com\google\j2objc\j2objc-annotations\2.8\j2objc-annotations-2.8.jar;C:\Users\Parag\.m2\repository\com\github\scribejava\scribejava-apis\8.3.3\scribejava-apis-8.3.3.jar;C:\Users\Parag\.m2\repository\com\github\scribejava\scribejava-core\8.3.3\scribejava-core-8.3.3.jar;C:\Users\Parag\.m2\repository\com\github\scribejava\scribejava-java8\8.3.3\scribejava-java8-8.3.3.jar;C:\Users\Parag\.m2\repository\com\fasterxml\jackson\core\jackson-databind\2.14.0\jackson-databind-2.14.0.jar;C:\Users\Parag\.m2\repository\com\fasterxml\jackson\core\jackson-annotations\2.14.0\jackson-annotations-2.14.0.jar;C:\Users\Parag\.m2\repository\com\fasterxml\jackson\core\jackson-core\2.14.0\jackson-core-2.14.0.jar;C:\Users\Parag\.m2\repository\org\json\json\20230618\json-20230618.jar;C:\Users\Parag\.m2\repository\io\rest-assured\xml-path\5.3.1\xml-path-5.3.1.jar;C:\Users\Parag\.m2\repository\io\rest-assured\rest-assured-common\5.3.1\rest-assured-common-5.3.1.jar;C:\Users\Parag\.m2\repository\com\github\javafaker\javafaker\1.0.2\javafaker-1.0.2.jar;C:\Users\Parag\.m2\repository\org\yaml\snakeyaml\1.23\snakeyaml-1.23-android.jar;C:\Users\Parag\.m2\repository\com\github\mifmif\generex\1.0.2\generex-1.0.2.jar;C:\Users\Parag\.m2\repository\dk\brics\automaton\automaton\1.11-8\automaton-1.11-8.jar;C:\Users\Parag\.m2\repository\com\aventstack\extentreports\5.1.0\extentreports-5.1.0.jar;C:\Users\Parag\.m2\repository\io\reactivex\rxjava3\rxjava\3.1.6\rxjava-3.1.6.jar;C:\Users\Parag\.m2\repository\org\reactivestreams\reactive-streams\1.0.4\reactive-streams-1.0.4.jar;C:\Users\Parag\.m2\repository\org\freemarker\freemarker\2.3.32\freemarker-2.3.32.jar;C:\Users\Parag\.m2\repository\org\projectlombok\lombok\1.18.26\lombok-1.18.26.jar;C:\Users\Parag\.m2\repository\org\apache\logging\log4j\log4j-api\2.20.0\log4j-api-2.20.0.jar;C:\Users\Parag\.m2\repository\org\apache\logging\log4j\log4j-core\2.20.0\log4j-core-2.20.0.jar;"/>
    <property name="java.vm.vendor" value="Oracle Corporation"/>
    <property name="sun.arch.data.model" value="64"/>
    <property name="user.variant" value=""/>
    <property name="java.vendor.url" value="https://java.oracle.com/"/>
    <property name="user.timezone" value="Asia/Calcutta"/>
    <property name="os.name" value="Windows 11"/>
    <property name="java.vm.specification.version" value="20"/>
    <property name="sun.java.launcher" value="SUN_STANDARD"/>
    <property name="user.country" value="IN"/>
    <property name="sun.boot.library.path" value="C:\Program Files\Java\jdk-20\bin"/>
    <property name="sun.java.command" value="C:\Users\Parag\AppData\Local\Temp\surefire16824801095293127990\surefirebooter-20240115173048483_3.jar C:\Users\Parag\AppData\Local\Temp\surefire16824801095293127990 2024-01-15T17-30-48_369-jvmRun1 surefire-20240115173048483_1tmp surefire_0-20240115173048483_2tmp"/>
    <property name="jdk.debug" value="release"/>
    <property name="surefire.test.class.path" value="C:\E\workspaces\workSpace_RestAssured_P1\UIAutomationSelenium1\target\test-classes;C:\E\workspaces\workSpace_RestAssured_P1\UIAutomationSelenium1\target\classes;C:\Users\Parag\.m2\repository\org\seleniumhq\selenium\selenium-java\4.9.1\selenium-java-4.9.1.jar;C:\Users\Parag\.m2\repository\org\seleniumhq\selenium\selenium-api\4.9.1\selenium-api-4.9.1.jar;C:\Users\Parag\.m2\repository\org\seleniumhq\selenium\selenium-chrome-driver\4.9.1\selenium-chrome-driver-4.9.1.jar;C:\Users\Parag\.m2\repository\com\google\auto\service\auto-service-annotations\1.0.1\auto-service-annotations-1.0.1.jar;C:\Users\Parag\.m2\repository\com\google\auto\service\auto-service\1.0.1\auto-service-1.0.1.jar;C:\Users\Parag\.m2\repository\com\google\auto\auto-common\1.2\auto-common-1.2.jar;C:\Users\Parag\.m2\repository\org\seleniumhq\selenium\selenium-chromium-driver\4.9.1\selenium-chromium-driver-4.9.1.jar;C:\Users\Parag\.m2\repository\org\seleniumhq\selenium\selenium-json\4.9.1\selenium-json-4.9.1.jar;C:\Users\Parag\.m2\repository\org\seleniumhq\selenium\selenium-manager\4.9.1\selenium-manager-4.9.1.jar;C:\Users\Parag\.m2\repository\org\seleniumhq\selenium\selenium-devtools-v111\4.9.1\selenium-devtools-v111-4.9.1.jar;C:\Users\Parag\.m2\repository\org\seleniumhq\selenium\selenium-devtools-v112\4.9.1\selenium-devtools-v112-4.9.1.jar;C:\Users\Parag\.m2\repository\org\seleniumhq\selenium\selenium-devtools-v113\4.9.1\selenium-devtools-v113-4.9.1.jar;C:\Users\Parag\.m2\repository\org\seleniumhq\selenium\selenium-devtools-v85\4.9.1\selenium-devtools-v85-4.9.1.jar;C:\Users\Parag\.m2\repository\org\seleniumhq\selenium\selenium-edge-driver\4.9.1\selenium-edge-driver-4.9.1.jar;C:\Users\Parag\.m2\repository\org\seleniumhq\selenium\selenium-firefox-driver\4.9.1\selenium-firefox-driver-4.9.1.jar;C:\Users\Parag\.m2\repository\org\seleniumhq\selenium\selenium-http\4.9.1\selenium-http-4.9.1.jar;C:\Users\Parag\.m2\repository\dev\failsafe\failsafe\3.3.1\failsafe-3.3.1.jar;C:\Users\Parag\.m2\repository\org\seleniumhq\selenium\selenium-ie-driver\4.9.1\selenium-ie-driver-4.9.1.jar;C:\Users\Parag\.m2\repository\org\seleniumhq\selenium\selenium-remote-driver\4.9.1\selenium-remote-driver-4.9.1.jar;C:\Users\Parag\.m2\repository\io\netty\netty-buffer\4.1.91.Final\netty-buffer-4.1.91.Final.jar;C:\Users\Parag\.m2\repository\io\netty\netty-codec-http\4.1.91.Final\netty-codec-http-4.1.91.Final.jar;C:\Users\Parag\.m2\repository\io\netty\netty-codec\4.1.91.Final\netty-codec-4.1.91.Final.jar;C:\Users\Parag\.m2\repository\io\netty\netty-handler\4.1.91.Final\netty-handler-4.1.91.Final.jar;C:\Users\Parag\.m2\repository\io\netty\netty-common\4.1.91.Final\netty-common-4.1.91.Final.jar;C:\Users\Parag\.m2\repository\io\netty\netty-transport-classes-epoll\4.1.91.Final\netty-transport-classes-epoll-4.1.91.Final.jar;C:\Users\Parag\.m2\repository\io\netty\netty-transport-classes-kqueue\4.1.91.Final\netty-transport-classes-kqueue-4.1.91.Final.jar;C:\Users\Parag\.m2\repository\io\netty\netty-transport-native-epoll\4.1.91.Final\netty-transport-native-epoll-4.1.91.Final.jar;C:\Users\Parag\.m2\repository\io\netty\netty-transport-native-kqueue\4.1.91.Final\netty-transport-native-kqueue-4.1.91.Final.jar;C:\Users\Parag\.m2\repository\io\netty\netty-transport-native-unix-common\4.1.91.Final\netty-transport-native-unix-common-4.1.91.Final.jar;C:\Users\Parag\.m2\repository\io\netty\netty-transport\4.1.91.Final\netty-transport-4.1.91.Final.jar;C:\Users\Parag\.m2\repository\io\netty\netty-resolver\4.1.91.Final\netty-resolver-4.1.91.Final.jar;C:\Users\Parag\.m2\repository\io\opentelemetry\opentelemetry-api\1.25.0\opentelemetry-api-1.25.0.jar;C:\Users\Parag\.m2\repository\io\opentelemetry\opentelemetry-context\1.25.0\opentelemetry-context-1.25.0.jar;C:\Users\Parag\.m2\repository\io\opentelemetry\opentelemetry-exporter-logging\1.25.0\opentelemetry-exporter-logging-1.25.0.jar;C:\Users\Parag\.m2\repository\io\opentelemetry\opentelemetry-sdk-metrics\1.25.0\opentelemetry-sdk-metrics-1.25.0.jar;C:\Users\Parag\.m2\repository\io\opentelemetry\opentelemetry-sdk-logs\1.25.0-alpha\opentelemetry-sdk-logs-1.25.0-alpha.jar;C:\Users\Parag\.m2\repository\io\opentelemetry\opentelemetry-api-logs\1.25.0-alpha\opentelemetry-api-logs-1.25.0-alpha.jar;C:\Users\Parag\.m2\repository\io\opentelemetry\opentelemetry-api-events\1.25.0-alpha\opentelemetry-api-events-1.25.0-alpha.jar;C:\Users\Parag\.m2\repository\io\opentelemetry\opentelemetry-sdk-common\1.25.0\opentelemetry-sdk-common-1.25.0.jar;C:\Users\Parag\.m2\repository\io\opentelemetry\opentelemetry-sdk-extension-autoconfigure-spi\1.25.0\opentelemetry-sdk-extension-autoconfigure-spi-1.25.0.jar;C:\Users\Parag\.m2\repository\io\opentelemetry\opentelemetry-sdk-extension-autoconfigure\1.25.0-alpha\opentelemetry-sdk-extension-autoconfigure-1.25.0-alpha.jar;C:\Users\Parag\.m2\repository\io\opentelemetry\opentelemetry-sdk-trace\1.25.0\opentelemetry-sdk-trace-1.25.0.jar;C:\Users\Parag\.m2\repository\io\opentelemetry\opentelemetry-sdk\1.25.0\opentelemetry-sdk-1.25.0.jar;C:\Users\Parag\.m2\repository\io\opentelemetry\opentelemetry-semconv\1.25.0-alpha\opentelemetry-semconv-1.25.0-alpha.jar;C:\Users\Parag\.m2\repository\io\ous\jtoml\2.0.0\jtoml-2.0.0.jar;C:\Users\Parag\.m2\repository\net\bytebuddy\byte-buddy\1.14.4\byte-buddy-1.14.4.jar;C:\Users\Parag\.m2\repository\org\apache\commons\commons-exec\1.3\commons-exec-1.3.jar;C:\Users\Parag\.m2\repository\org\asynchttpclient\async-http-client\2.12.3\async-http-client-2.12.3.jar;C:\Users\Parag\.m2\repository\org\asynchttpclient\async-http-client-netty-utils\2.12.3\async-http-client-netty-utils-2.12.3.jar;C:\Users\Parag\.m2\repository\io\netty\netty-codec-socks\4.1.60.Final\netty-codec-socks-4.1.60.Final.jar;C:\Users\Parag\.m2\repository\io\netty\netty-handler-proxy\4.1.60.Final\netty-handler-proxy-4.1.60.Final.jar;C:\Users\Parag\.m2\repository\io\netty\netty-transport-native-epoll\4.1.60.Final\netty-transport-native-epoll-4.1.60.Final-linux-x86_64.jar;C:\Users\Parag\.m2\repository\io\netty\netty-transport-native-kqueue\4.1.60.Final\netty-transport-native-kqueue-4.1.60.Final-osx-x86_64.jar;C:\Users\Parag\.m2\repository\com\typesafe\netty\netty-reactive-streams\2.0.4\netty-reactive-streams-2.0.4.jar;C:\Users\Parag\.m2\repository\com\sun\activation\jakarta.activation\1.2.2\jakarta.activation-1.2.2.jar;C:\Users\Parag\.m2\repository\org\seleniumhq\selenium\selenium-safari-driver\4.9.1\selenium-safari-driver-4.9.1.jar;C:\Users\Parag\.m2\repository\org\seleniumhq\selenium\selenium-support\4.9.1\selenium-support-4.9.1.jar;C:\Users\Parag\.m2\repository\io\github\bonigarcia\webdrivermanager\5.3.3\webdrivermanager-5.3.3.jar;C:\Users\Parag\.m2\repository\org\slf4j\slf4j-api\2.0.7\slf4j-api-2.0.7.jar;C:\Users\Parag\.m2\repository\com\github\docker-java\docker-java\3.3.0\docker-java-3.3.0.jar;C:\Users\Parag\.m2\repository\com\github\docker-java\docker-java-core\3.3.0\docker-java-core-3.3.0.jar;C:\Users\Parag\.m2\repository\com\github\docker-java\docker-java-api\3.3.0\docker-java-api-3.3.0.jar;C:\Users\Parag\.m2\repository\org\bouncycastle\bcpkix-jdk15on\1.64\bcpkix-jdk15on-1.64.jar;C:\Users\Parag\.m2\repository\org\bouncycastle\bcprov-jdk15on\1.64\bcprov-jdk15on-1.64.jar;C:\Users\Parag\.m2\repository\org\slf4j\jcl-over-slf4j\1.7.30\jcl-over-slf4j-1.7.30.jar;C:\Users\Parag\.m2\repository\com\github\docker-java\docker-java-transport-httpclient5\3.3.0\docker-java-transport-httpclient5-3.3.0.jar;C:\Users\Parag\.m2\repository\com\github\docker-java\docker-java-transport\3.3.0\docker-java-transport-3.3.0.jar;C:\Users\Parag\.m2\repository\net\java\dev\jna\jna\5.12.1\jna-5.12.1.jar;C:\Users\Parag\.m2\repository\org\brotli\dec\0.1.2\dec-0.1.2.jar;C:\Users\Parag\.m2\repository\org\apache\commons\commons-lang3\3.12.0\commons-lang3-3.12.0.jar;C:\Users\Parag\.m2\repository\org\apache\httpcomponents\client5\httpclient5\5.2.1\httpclient5-5.2.1.jar;C:\Users\Parag\.m2\repository\org\apache\httpcomponents\core5\httpcore5\5.2\httpcore5-5.2.jar;C:\Users\Parag\.m2\repository\org\apache\httpcomponents\core5\httpcore5-h2\5.2\httpcore5-h2-5.2.jar;C:\Users\Parag\.m2\repository\commons-io\commons-io\2.12.0\commons-io-2.12.0.jar;C:\Users\Parag\.m2\repository\org\testng\testng\7.8.0\testng-7.8.0.jar;C:\Users\Parag\.m2\repository\com\beust\jcommander\1.82\jcommander-1.82.jar;C:\Users\Parag\.m2\repository\org\webjars\jquery\3.6.1\jquery-3.6.1.jar;C:\Users\Parag\.m2\repository\org\apache\poi\poi-ooxml\5.2.3\poi-ooxml-5.2.3.jar;C:\Users\Parag\.m2\repository\org\apache\poi\poi-ooxml-lite\5.2.3\poi-ooxml-lite-5.2.3.jar;C:\Users\Parag\.m2\repository\org\apache\xmlbeans\xmlbeans\5.1.1\xmlbeans-5.1.1.jar;C:\Users\Parag\.m2\repository\org\apache\commons\commons-compress\1.21\commons-compress-1.21.jar;C:\Users\Parag\.m2\repository\com\github\virtuald\curvesapi\1.07\curvesapi-1.07.jar;C:\Users\Parag\.m2\repository\org\apache\commons\commons-collections4\4.4\commons-collections4-4.4.jar;C:\Users\Parag\.m2\repository\org\apache\poi\poi\5.2.3\poi-5.2.3.jar;C:\Users\Parag\.m2\repository\commons-codec\commons-codec\1.15\commons-codec-1.15.jar;C:\Users\Parag\.m2\repository\org\apache\commons\commons-math3\3.6.1\commons-math3-3.6.1.jar;C:\Users\Parag\.m2\repository\com\zaxxer\SparseBitSet\1.2\SparseBitSet-1.2.jar;C:\Users\Parag\.m2\repository\com\guicedee\services\apache-poi-ooxml\62\apache-poi-ooxml-62.jar;C:\Users\Parag\.m2\repository\com\guicedee\services\commons-compress\62\commons-compress-62.jar;C:\Users\Parag\.m2\repository\com\guicedee\services\commons-xmlbeans\62\commons-xmlbeans-62.jar;C:\Users\Parag\.m2\repository\com\guicedee\services\apache-poi\62\apache-poi-62.jar;C:\Users\Parag\.m2\repository\com\guicedee\services\commons-logging\62\commons-logging-62.jar;C:\Users\Parag\.m2\repository\com\guicedee\services\commons-codec\62\commons-codec-62.jar;C:\Users\Parag\.m2\repository\com\guicedee\services\commons-math3\62\commons-math3-62.jar;C:\Users\Parag\.m2\repository\com\guicedee\services\commons-collections4\62\commons-collections4-62.jar;C:\Users\Parag\.m2\repository\com\guicedee\services\jakarta.xml.bind-api\62\jakarta.xml.bind-api-62.jar;C:\Users\Parag\.m2\repository\com\guicedee\services\jakarta.activation\62\jakarta.activation-62.jar;C:\Users\Parag\.m2\repository\com\guicedee\services\jakarta.validation-api\62\jakarta.validation-api-62.jar;C:\Users\Parag\.m2\repository\org\codehaus\woodstox\stax2-api\4.2\stax2-api-4.2.jar;C:\Users\Parag\.m2\repository\org\jvnet\staxex\stax-ex\1.8.2\stax-ex-1.8.2.jar;C:\Users\Parag\.m2\repository\org\apache\logging\log4j\log4j-to-slf4j\2.8.2\log4j-to-slf4j-2.8.2.jar;C:\Users\Parag\.m2\repository\io\rest-assured\rest-assured\5.3.1\rest-assured-5.3.1.jar;C:\Users\Parag\.m2\repository\org\apache\groovy\groovy\4.0.11\groovy-4.0.11.jar;C:\Users\Parag\.m2\repository\org\apache\groovy\groovy-xml\4.0.11\groovy-xml-4.0.11.jar;C:\Users\Parag\.m2\repository\org\apache\httpcomponents\httpclient\4.5.13\httpclient-4.5.13.jar;C:\Users\Parag\.m2\repository\org\apache\httpcomponents\httpcore\4.4.13\httpcore-4.4.13.jar;C:\Users\Parag\.m2\repository\commons-logging\commons-logging\1.2\commons-logging-1.2.jar;C:\Users\Parag\.m2\repository\org\apache\httpcomponents\httpmime\4.5.13\httpmime-4.5.13.jar;C:\Users\Parag\.m2\repository\org\hamcrest\hamcrest\2.2\hamcrest-2.2.jar;C:\Users\Parag\.m2\repository\org\ccil\cowan\tagsoup\tagsoup\1.2.1\tagsoup-1.2.1.jar;C:\Users\Parag\.m2\repository\com\google\code\gson\gson\2.10.1\gson-2.10.1.jar;C:\Users\Parag\.m2\repository\io\rest-assured\json-path\5.3.1\json-path-5.3.1.jar;C:\Users\Parag\.m2\repository\org\apache\groovy\groovy-json\4.0.11\groovy-json-4.0.11.jar;C:\Users\Parag\.m2\repository\io\rest-assured\json-schema-validator\5.3.1\json-schema-validator-5.3.1.jar;C:\Users\Parag\.m2\repository\com\github\java-json-tools\json-schema-validator\2.2.14\json-schema-validator-2.2.14.jar;C:\Users\Parag\.m2\repository\com\github\java-json-tools\jackson-coreutils-equivalence\1.0\jackson-coreutils-equivalence-1.0.jar;C:\Users\Parag\.m2\repository\com\github\java-json-tools\jackson-coreutils\2.0\jackson-coreutils-2.0.jar;C:\Users\Parag\.m2\repository\com\github\java-json-tools\msg-simple\1.2\msg-simple-1.2.jar;C:\Users\Parag\.m2\repository\com\github\java-json-tools\btf\1.3\btf-1.3.jar;C:\Users\Parag\.m2\repository\com\github\java-json-tools\json-schema-core\1.2.14\json-schema-core-1.2.14.jar;C:\Users\Parag\.m2\repository\com\github\java-json-tools\uri-template\0.10\uri-template-0.10.jar;C:\Users\Parag\.m2\repository\org\mozilla\rhino\1.7.7.2\rhino-1.7.7.2.jar;C:\Users\Parag\.m2\repository\com\sun\mail\mailapi\1.6.2\mailapi-1.6.2.jar;C:\Users\Parag\.m2\repository\joda-time\joda-time\2.10.5\joda-time-2.10.5.jar;C:\Users\Parag\.m2\repository\com\googlecode\libphonenumber\libphonenumber\8.11.1\libphonenumber-8.11.1.jar;C:\Users\Parag\.m2\repository\com\google\code\findbugs\jsr305\3.0.2\jsr305-3.0.2.jar;C:\Users\Parag\.m2\repository\net\sf\jopt-simple\jopt-simple\5.0.4\jopt-simple-5.0.4.jar;C:\Users\Parag\.m2\repository\com\google\guava\guava\32.0.1-jre\guava-32.0.1-jre.jar;C:\Users\Parag\.m2\repository\com\google\guava\failureaccess\1.0.1\failureaccess-1.0.1.jar;C:\Users\Parag\.m2\repository\com\google\guava\listenablefuture\9999.0-empty-to-avoid-conflict-with-guava\listenablefuture-9999.0-empty-to-avoid-conflict-with-guava.jar;C:\Users\Parag\.m2\repository\org\checkerframework\checker-qual\3.33.0\checker-qual-3.33.0.jar;C:\Users\Parag\.m2\repository\com\google\errorprone\error_prone_annotations\2.18.0\error_prone_annotations-2.18.0.jar;C:\Users\Parag\.m2\repository\com\google\j2objc\j2objc-annotations\2.8\j2objc-annotations-2.8.jar;C:\Users\Parag\.m2\repository\com\github\scribejava\scribejava-apis\8.3.3\scribejava-apis-8.3.3.jar;C:\Users\Parag\.m2\repository\com\github\scribejava\scribejava-core\8.3.3\scribejava-core-8.3.3.jar;C:\Users\Parag\.m2\repository\com\github\scribejava\scribejava-java8\8.3.3\scribejava-java8-8.3.3.jar;C:\Users\Parag\.m2\repository\com\fasterxml\jackson\core\jackson-databind\2.14.0\jackson-databind-2.14.0.jar;C:\Users\Parag\.m2\repository\com\fasterxml\jackson\core\jackson-annotations\2.14.0\jackson-annotations-2.14.0.jar;C:\Users\Parag\.m2\repository\com\fasterxml\jackson\core\jackson-core\2.14.0\jackson-core-2.14.0.jar;C:\Users\Parag\.m2\repository\org\json\json\20230618\json-20230618.jar;C:\Users\Parag\.m2\repository\io\rest-assured\xml-path\5.3.1\xml-path-5.3.1.jar;C:\Users\Parag\.m2\repository\io\rest-assured\rest-assured-common\5.3.1\rest-assured-common-5.3.1.jar;C:\Users\Parag\.m2\repository\com\github\javafaker\javafaker\1.0.2\javafaker-1.0.2.jar;C:\Users\Parag\.m2\repository\org\yaml\snakeyaml\1.23\snakeyaml-1.23-android.jar;C:\Users\Parag\.m2\repository\com\github\mifmif\generex\1.0.2\generex-1.0.2.jar;C:\Users\Parag\.m2\repository\dk\brics\automaton\automaton\1.11-8\automaton-1.11-8.jar;C:\Users\Parag\.m2\repository\com\aventstack\extentreports\5.1.0\extentreports-5.1.0.jar;C:\Users\Parag\.m2\repository\io\reactivex\rxjava3\rxjava\3.1.6\rxjava-3.1.6.jar;C:\Users\Parag\.m2\repository\org\reactivestreams\reactive-streams\1.0.4\reactive-streams-1.0.4.jar;C:\Users\Parag\.m2\repository\org\freemarker\freemarker\2.3.32\freemarker-2.3.32.jar;C:\Users\Parag\.m2\repository\org\projectlombok\lombok\1.18.26\lombok-1.18.26.jar;C:\Users\Parag\.m2\repository\org\apache\logging\log4j\log4j-api\2.20.0\log4j-api-2.20.0.jar;C:\Users\Parag\.m2\repository\org\apache\logging\log4j\log4j-core\2.20.0\log4j-core-2.20.0.jar;"/>
    <property name="sun.cpu.endian" value="little"/>
    <property name="user.home" value="C:\Users\Parag"/>
    <property name="user.language" value="en"/>
    <property name="java.specification.vendor" value="Oracle Corporation"/>
    <property name="java.version.date" value="2023-07-18"/>
    <property name="java.home" value="C:\Program Files\Java\jdk-20"/>
    <property name="file.separator" value="\"/>
    <property name="basedir" value="C:\E\workspaces\workSpace_RestAssured_P1\UIAutomationSelenium1"/>
    <property name="style.color" value="always"/>
    <property name="java.vm.compressedOopsMode" value="32-bit"/>
    <property name="line.separator" value="&#10;"/>
    <property name="java.vm.specification.vendor" value="Oracle Corporation"/>
    <property name="java.specification.name" value="Java Platform API Specification"/>
    <property name="surefire.real.class.path" value="C:\Users\Parag\AppData\Local\Temp\surefire16824801095293127990\surefirebooter-20240115173048483_3.jar"/>
    <property name="user.script" value=""/>
    <property name="sun.management.compiler" value="HotSpot 64-Bit Tiered Compilers"/>
    <property name="java.runtime.version" value="20.0.2+9-78"/>
    <property name="user.name" value="Parag"/>
    <property name="stdout.encoding" value="Cp1252"/>
    <property name="path.separator" value=";"/>
    <property name="os.version" value="10.0"/>
    <property name="java.runtime.name" value="Java(TM) SE Runtime Environment"/>
    <property name="file.encoding" value="UTF-8"/>
    <property name="java.vm.name" value="Java HotSpot(TM) 64-Bit Server VM"/>
    <property name="localRepository" value="C:\Users\Parag\.m2\repository"/>
    <property name="java.vendor.url.bug" value="https://bugreport.java.com/bugreport/"/>
    <property name="java.io.tmpdir" value="C:\Users\Parag\AppData\Local\Temp\"/>
    <property name="java.version" value="20.0.2"/>
    <property name="user.dir" value="C:\E\workspaces\workSpace_RestAssured_P1\UIAutomationSelenium1"/>
    <property name="os.arch" value="amd64"/>
    <property name="webdriver.gecko.driver" value="C:\Users\Parag\.cache\selenium\geckodriver\win64\0.34.0\geckodriver.exe"/>
    <property name="java.vm.specification.name" value="Java Virtual Machine Specification"/>
    <property name="sun.os.patch.level" value=""/>
    <property name="native.encoding" value="Cp1252"/>
    <property name="java.library.path" value="C:\Program Files\Java\jdk-20\bin;C:\WINDOWS\Sun\Java\bin;C:\WINDOWS\system32;C:\WINDOWS;C:\Program Files\Common Files\Oracle\Java\javapath;C:\windows\system32;C:\windows;C:\windows\System32\Wbem;C:\windows\System32\WindowsPowerShell\v1.0\;C:\windows\System32\OpenSSH\;C:\Program Files (x86)\NVIDIA Corporation\PhysX\Common;C:\WINDOWS\system32;C:\WINDOWS;C:\WINDOWS\System32\Wbem;C:\WINDOWS\System32\WindowsPowerShell\v1.0\;C:\WINDOWS\System32\OpenSSH\;C:\Program Files\Java\jdk-20\bin;C:\E\Apache_Maven\apache-maven-3.9.4\bin;C:\Program Files\Microsoft SQL Server\120\DTS\Binn\;C:\Program Files\Microsoft SQL Server\Client SDK\ODBC\110\Tools\Binn\;C:\Program Files (x86)\Microsoft SQL Server\120\Tools\Binn\;C:\Program Files\Microsoft SQL Server\120\Tools\Binn\;C:\Program Files (x86)\Microsoft SQL Server\120\Tools\Binn\ManagementStudio\;C:\Program Files (x86)\Microsoft SQL Server\120\DTS\Binn\;C:\Program Files\nodejs\;C:\ProgramData\chocolatey\bin;C:\Program Files\nodejs\node_modules;C:\Users\Parag\AppData\Roaming\npm\node_modules\newman\bin\newman.js;C:\Program Files\Git\bin;C:\Users\Parag\AppData\Roaming\npm;C:\E\Apache_Maven\apache-maven-3.9.4\bin;C:\E\Apache_Maven\apache-maven-3.9.4\;C:\E\Apache_Maven\apache-maven-3.9.4;C:\Program Files\Java\jdk-20;C:\Program Files\Git\bin\git.exe;C:\Users\Parag\AppData\Local\Microsoft\WindowsApps;C:\Program Files\Java\jdk-20\bin;C:\E\Apache_Maven\apache-maven-3.9.4\bin;C:\Users\Parag\AppData\Local\Programs\Microsoft VS Code\bin;C:\Users\Parag\AppData\Roaming\npm\node_modules\newman\bin\newman.js;;."/>
    <property name="java.vm.info" value="mixed mode, sharing"/>
    <property name="stderr.encoding" value="Cp1252"/>
    <property name="java.vendor" value="Oracle Corporation"/>
    <property name="java.vm.version" value="20.0.2+9-78"/>
    <property name="sun.io.unicode.encoding" value="UnicodeLittle"/>
    <property name="java.class.version" value="64.0"/>
  </properties>
  <testcase name="testLaunchHomePage" classname="testcase.TestCaseW3school" time="1.792">
    <system-err><![CDATA[SLF4J: No SLF4J providers were found.
SLF4J: Defaulting to no-operation (NOP) logger implementation
SLF4J: See https://www.slf4j.org/codes.html#noProviders for further details.
Jan 15, 2024 5:30:49 PM org.openqa.selenium.manager.SeleniumManager getDriverPath
INFO: Applicable driver not found; attempting to install with Selenium Manager (Beta)
1705320050439	geckodriver	INFO	Listening on 127.0.0.1:48184
1705320050749	mozrunner::runner	INFO	Running command: "C:\\Program Files\\Mozilla Firefox\\firefox.exe" "--marionette" "--remote-debugging-port" "27031" "--remote ... localhost:27031/,http://[::1]:27031/" "-no-remote" "-profile" "C:\\Users\\Parag\\AppData\\Local\\Temp\\rust_mozprofileJXsM1D"
console.warn: services.settings: Ignoring preference override of remote settings server
console.warn: services.settings: Allow by setting MOZ_REMOTE_SETTINGS_DEVTOOLS=1 in the environment
1705320051143	Marionette	INFO	Marionette enabled
Dynamically enable window occlusion 0
1705320051239	Marionette	INFO	Listening on port 56196
WebDriver BiDi listening on ws://127.0.0.1:27031
Read port: 56196
1705320051400	RemoteAgent	WARN	TLS certificate errors will be ignored for this session
DevTools listening on ws://127.0.0.1:27031/devtools/browser/a46eb55d-b028-456c-87bc-b597e93a08fc
JavaScript warning: https://www.w3schools.com/lib/w3schools_footer.js?update=20230706, line 230: unreachable code after return statement
]]></system-err>
  </testcase>
  <testcase name="testClickJavaTab" classname="testcase.TestCaseW3school" time="4.168">
    <system-out><![CDATA[----->>>> Test Case Pass <<<<<----
]]></system-out>
    <system-err><![CDATA[1705320055347	RemoteAgent	INFO	Perform WebSocket upgrade for incoming connection from 127.0.0.1:56244
1705320055363	CDP	WARN	Invalid browser preferences for CDP. Set "fission.webContentIsolationStrategy"to 0 and "fission.bfcacheInParent" to false before Firefox starts.
1705320055420	Marionette	INFO	Stopped listening on port 56196
Dynamically enable window occlusion 1
1705320056274	geckodriver	INFO	Listening on 127.0.0.1:25596
1705320056298	mozrunner::runner	INFO	Running command: "C:\\Program Files\\Mozilla Firefox\\firefox.exe" "--marionette" "--remote-debugging-port" "41701" "--remote ... localhost:41701/,http://[::1]:41701/" "-no-remote" "-profile" "C:\\Users\\Parag\\AppData\\Local\\Temp\\rust_mozprofilemNP6pc"
console.warn: services.settings: Ignoring preference override of remote settings server
console.warn: services.settings: Allow by setting MOZ_REMOTE_SETTINGS_DEVTOOLS=1 in the environment
1705320056575	Marionette	INFO	Marionette enabled
Dynamically enable window occlusion 0
1705320056664	Marionette	INFO	Listening on port 56261
WebDriver BiDi listening on ws://127.0.0.1:41701
Read port: 56261
1705320056809	RemoteAgent	WARN	TLS certificate errors will be ignored for this session
DevTools listening on ws://127.0.0.1:41701/devtools/browser/01338b4d-0239-460a-8c7a-f40b27307d30
JavaScript warning: https://www.w3schools.com/lib/w3schools_footer.js?update=20230706, line 230: unreachable code after return statement
JavaScript warning: https://www.w3schools.com/lib/w3schools_footer.js?update=20230706, line 230: unreachable code after return statement
]]></system-err>
  </testcase>
  <testcase name="testClickTutorialLink" classname="testcase.TestCaseW3school" time="3.66">
    <system-err><![CDATA[1705320062525	RemoteAgent	INFO	Perform WebSocket upgrade for incoming connection from 127.0.0.1:56369
1705320062527	CDP	WARN	Invalid browser preferences for CDP. Set "fission.webContentIsolationStrategy"to 0 and "fission.bfcacheInParent" to false before Firefox starts.
1705320062531	Marionette	INFO	Stopped listening on port 56261
JavaScript warning: https://securepubads.g.doubleclick.net/pagead/managed/js/gpt/m202401090101/pubads_impl.js?cb=31080366, line 10: Script terminated by timeout at:
_.Ax/<@https://securepubads.g.doubleclick.net/pagead/managed/js/gpt/m202401090101/pubads_impl.js?cb=31080366:10:138302

Dynamically enable window occlusion 1
1705320063380	geckodriver	INFO	Listening on 127.0.0.1:5627
1705320063426	mozrunner::runner	INFO	Running command: "C:\\Program Files\\Mozilla Firefox\\firefox.exe" "--marionette" "--remote-debugging-port" "7777" "--remote- ... //localhost:7777/,http://[::1]:7777/" "-no-remote" "-profile" "C:\\Users\\Parag\\AppData\\Local\\Temp\\rust_mozprofileDvLV7R"
console.warn: services.settings: Ignoring preference override of remote settings server
console.warn: services.settings: Allow by setting MOZ_REMOTE_SETTINGS_DEVTOOLS=1 in the environment
1705320063702	Marionette	INFO	Marionette enabled
Dynamically enable window occlusion 0
1705320063782	Marionette	INFO	Listening on port 56378
WebDriver BiDi listening on ws://127.0.0.1:7777
Read port: 56378
1705320063928	RemoteAgent	WARN	TLS certificate errors will be ignored for this session
DevTools listening on ws://127.0.0.1:7777/devtools/browser/d08989d3-2ea3-4d8e-aea7-f92bb87d2b47
JavaScript warning: https://www.w3schools.com/lib/w3schools_footer.js?update=20230706, line 230: unreachable code after return statement
]]></system-err>
  </testcase>
  <testcase name="testCLickHomeCtaOnJavaPage" classname="testcase.TestCaseW3school" time="4.899">
    <system-err><![CDATA[1705320069153	RemoteAgent	INFO	Perform WebSocket upgrade for incoming connection from 127.0.0.1:56486
1705320069157	CDP	WARN	Invalid browser preferences for CDP. Set "fission.webContentIsolationStrategy"to 0 and "fission.bfcacheInParent" to false before Firefox starts.
1705320069159	Marionette	INFO	Stopped listening on port 56378
JavaScript warning: https://eus.rubiconproject.com/usync.js, line 4: Script terminated by timeout at:
getConsentQS@https://eus.rubiconproject.com/usync.js:4:9794
appendConsentQS@https://eus.rubiconproject.com/usync.js:4:10007
firePixel/<@https://eus.rubiconproject.com/usync.js:4:6654

JavaScript warning: https://script.4dex.io/localstore.js line 1 > Function, line 4: Script terminated by timeout at:
oi/<@https://script.4dex.io/localstore.js line 1 > Function:4:61725

Dynamically enable window occlusion 1
1705320069943	geckodriver	INFO	Listening on 127.0.0.1:13059
1705320069990	mozrunner::runner	INFO	Running command: "C:\\Program Files\\Mozilla Firefox\\firefox.exe" "--marionette" "--remote-debugging-port" "25390" "--remote ... localhost:25390/,http://[::1]:25390/" "-no-remote" "-profile" "C:\\Users\\Parag\\AppData\\Local\\Temp\\rust_mozprofileYCSpYn"
console.warn: services.settings: Ignoring preference override of remote settings server
console.warn: services.settings: Allow by setting MOZ_REMOTE_SETTINGS_DEVTOOLS=1 in the environment
1705320070241	Marionette	INFO	Marionette enabled
Dynamically enable window occlusion 0
1705320070316	Marionette	INFO	Listening on port 56497
WebDriver BiDi listening on ws://127.0.0.1:25390
Read port: 56497
1705320070460	RemoteAgent	WARN	TLS certificate errors will be ignored for this session
DevTools listening on ws://127.0.0.1:25390/devtools/browser/6b8f7c26-a4d1-4358-b1a7-42b5a3de6694
JavaScript warning: https://www.w3schools.com/lib/w3schools_footer.js?update=20230706, line 230: unreachable code after return statement
JavaScript warning: https://www.w3schools.com/lib/w3schools_footer.js?update=20230706, line 230: unreachable code after return statement
JavaScript warning: https://www.w3schools.com/lib/w3schools_footer.js?update=20230706, line 230: unreachable code after return statement
]]></system-err>
  </testcase>
  <testcase name="gorestApiGetToken" classname="testcase.TestCaseW3school" time="6.284">
    <system-err><![CDATA[1705320076730	RemoteAgent	INFO	Perform WebSocket upgrade for incoming connection from 127.0.0.1:56629
1705320076733	CDP	WARN	Invalid browser preferences for CDP. Set "fission.webContentIsolationStrategy"to 0 and "fission.bfcacheInParent" to false before Firefox starts.
1705320076736	Marionette	INFO	Stopped listening on port 56497
JavaScript warning: https://secure.cdn.fastclick.net/js/pubcid/latest/pubcid.min.js, line 4: Script terminated by timeout at:
value/<@https://secure.cdn.fastclick.net/js/pubcid/latest/pubcid.min.js:4:13013

Dynamically enable window occlusion 1
1705320077579	geckodriver	INFO	Listening on 127.0.0.1:39020
1705320077644	mozrunner::runner	INFO	Running command: "C:\\Program Files\\Mozilla Firefox\\firefox.exe" "--marionette" "--remote-debugging-port" "37804" "--remote ... localhost:37804/,http://[::1]:37804/" "-no-remote" "-profile" "C:\\Users\\Parag\\AppData\\Local\\Temp\\rust_mozprofilevXwW0m"
console.warn: services.settings: Ignoring preference override of remote settings server
console.warn: services.settings: Allow by setting MOZ_REMOTE_SETTINGS_DEVTOOLS=1 in the environment
1705320077910	Marionette	INFO	Marionette enabled
Dynamically enable window occlusion 0
1705320077990	Marionette	INFO	Listening on port 56636
WebDriver BiDi listening on ws://127.0.0.1:37804
Read port: 56636
1705320078132	RemoteAgent	WARN	TLS certificate errors will be ignored for this session
DevTools listening on ws://127.0.0.1:37804/devtools/browser/85019009-4e05-409a-93a8-5babcd73315b
]]></system-err>
  </testcase>
  <testcase name="testGorestListUsers" classname="testcase.TestGorestApi" time="2.184">
    <system-out><![CDATA[HTTP/1.1 200 OK
Date: Mon, 15 Jan 2024 12:01:34 GMT
Content-Type: application/json; charset=utf-8
Transfer-Encoding: chunked
Connection: keep-alive
Cache-Control: max-age=0, private, must-revalidate
etag: W/"e7e5d3a86eedb11ba2b8f2d5416b5acf"
referrer-policy: strict-origin-when-cross-origin
vary: Origin
x-content-type-options: nosniff
x-download-options: noopen
x-frame-options: SAMEORIGIN
x-links-current: https://gorest.co.in/public/v2/users?page=1
x-links-next: https://gorest.co.in/public/v2/users?page=2
x-links-previous: 
x-pagination-limit: 10
x-pagination-page: 1
x-pagination-pages: 307
x-pagination-total: 3067
x-permitted-cross-domain-policies: none
x-request-id: 93530caf-c002-4a3b-8d21-8ac0028d51b3
x-runtime: 0.034887
x-xss-protection: 0
CF-Cache-Status: DYNAMIC
Report-To: {"endpoints":[{"url":"https:\/\/a.nel.cloudflare.com\/report\/v3?s=0DD0vS8JyyuSwwrnWNutVCjOlQVyaT8YGx0XZWX49O0S9rzTcZeud4LEAmZrQ7R25XIBWT6Pn2uR1puAHRniMfMqdSVF0qMQPU2%2BcD9lm6NOo5JfdMsEYiIiP0Nbue0%3D"}],"group":"cf-nel","max_age":604800}
NEL: {"success_fraction":0,"report_to":"cf-nel","max_age":604800}
Server: cloudflare
CF-RAY: 845df6fefb211002-MRS
Content-Encoding: gzip
alt-svc: h3=":443"; ma=86400

[
    {
        "id": 5914152,
        "name": "Anshula Joshi",
        "email": "anshula_joshi@dare.test",
        "gender": "male",
        "status": "inactive"
    },
    {
        "id": 5914151,
        "name": "Somu Pillai",
        "email": "somu_pillai@davis.example",
        "gender": "male",
        "status": "active"
    },
    {
        "id": 5914150,
        "name": "Avantika Kaur",
        "email": "avantika_kaur@welch.test",
        "gender": "male",
        "status": "inactive"
    },
    {
        "id": 5914149,
        "name": "Dinesh Mehrotra",
        "email": "dinesh_mehrotra@oconner.example",
        "gender": "male",
        "status": "inactive"
    },
    {
        "id": 5914148,
        "name": "Tanirika Ahluwalia Sr.",
        "email": "sr_ahluwalia_tanirika@rau-williamson.test",
        "gender": "female",
        "status": "active"
    },
    {
        "id": 5914147,
        "name": "Yoginder Dhawan Esq.",
        "email": "yoginder_dhawan_esq@emard-wolf.example",
        "gender": "female",
        "status": "active"
    },
    {
        "id": 5914145,
        "name": "Ms. Agnimitra Varrier",
        "email": "ms_agnimitra_varrier@hermann-kerluke.test",
        "gender": "female",
        "status": "active"
    },
    {
        "id": 5914144,
        "name": "Manikya Asan MD",
        "email": "manikya_asan_md@price.test",
        "gender": "female",
        "status": "inactive"
    },
    {
        "id": 5914142,
        "name": "Prof. Chakrika Embranthiri",
        "email": "chakrika_embranthiri_prof@pfeffer.test",
        "gender": "male",
        "status": "inactive"
    },
    {
        "id": 5914143,
        "name": "Himadri Banerjee",
        "email": "banerjee_himadri@medhurst.test",
        "gender": "male",
        "status": "active"
    }
]
]]></system-out>
    <system-err><![CDATA[1705320085915	RemoteAgent	INFO	Perform WebSocket upgrade for incoming connection from 127.0.0.1:56698
1705320085919	CDP	WARN	Invalid browser preferences for CDP. Set "fission.webContentIsolationStrategy"to 0 and "fission.bfcacheInParent" to false before Firefox starts.
1705320085924	Marionette	INFO	Stopped listening on port 56636
JavaScript warning: https://pagead2.googlesyndication.com/pagead/managed/js/adsense/m202401080101/show_ads_impl_fy2021.js, line 533: Script terminated by timeout at:
NN/<@https://pagead2.googlesyndication.com/pagead/managed/js/adsense/m202401080101/show_ads_impl_fy2021.js:533:354

Dynamically enable window occlusion 1
JavaScript error: , line 0: TypeError: NetworkError when attempting to fetch resource.
JavaScript error: , line 0: TypeError: NetworkError when attempting to fetch resource.
]]></system-err>
  </testcase>
  <testcase name="testGorestCreateUser" classname="testcase.TestGorestApi" time="1.298">
    <system-out><![CDATA[HTTP/1.1 422 Unprocessable Entity
Date: Mon, 15 Jan 2024 12:01:36 GMT
Content-Type: application/json; charset=utf-8
Content-Length: 54
Connection: keep-alive
Cache-Control: no-cache
referrer-policy: strict-origin-when-cross-origin
vary: Origin
x-content-type-options: nosniff
x-download-options: noopen
x-frame-options: SAMEORIGIN
x-permitted-cross-domain-policies: none
x-ratelimit-limit: 90
x-ratelimit-remaining: 89
x-ratelimit-reset: 1
x-request-id: fd86ec64-588c-4af6-af4b-14ff9032c2a6
x-runtime: 0.078982
x-xss-protection: 0
CF-Cache-Status: DYNAMIC
Report-To: {"endpoints":[{"url":"https:\/\/a.nel.cloudflare.com\/report\/v3?s=M4npayjRd0qXx727StO4KETGO%2F8QIB3TT%2B0ECYN79q%2F4dIOdfVsgEi8UFctuT2HqpMVzJpTdjyEBaegNXDLF79J37yjTSu23TPO9lFnSYH8S1bw3BZqEmhFhmI8LTAA%3D"}],"group":"cf-nel","max_age":604800}
NEL: {"success_fraction":0,"report_to":"cf-nel","max_age":604800}
Server: cloudflare
CF-RAY: 845df708ab4ebab1-MXP
alt-svc: h3=":443"; ma=86400

[
    {
        "field": "email",
        "message": "has already been taken"
    }
]
]]></system-out>
  </testcase>
  <testcase name="requresHomePage" classname="testcase.TestReqresApi" time="3.75">
    <system-err><![CDATA[1705320090212	geckodriver	INFO	Listening on 127.0.0.1:4683
1705320090270	mozrunner::runner	INFO	Running command: "C:\\Program Files\\Mozilla Firefox\\firefox.exe" "--marionette" "--remote-debugging-port" "35198" "--remote ... localhost:35198/,http://[::1]:35198/" "-no-remote" "-profile" "C:\\Users\\Parag\\AppData\\Local\\Temp\\rust_mozprofilesuqHsK"
console.warn: services.settings: Ignoring preference override of remote settings server
console.warn: services.settings: Allow by setting MOZ_REMOTE_SETTINGS_DEVTOOLS=1 in the environment
1705320090513	Marionette	INFO	Marionette enabled
Dynamically enable window occlusion 0
1705320090595	Marionette	INFO	Listening on port 56707
WebDriver BiDi listening on ws://127.0.0.1:35198
Read port: 56707
1705320090743	RemoteAgent	WARN	TLS certificate errors will be ignored for this session
DevTools listening on ws://127.0.0.1:35198/devtools/browser/df5cd14a-43ac-4c6d-825c-17cadf0ee090
]]></system-err>
  </testcase>
  <testcase name="fetchListUsersUrl" classname="testcase.TestReqresApi" time="3.639">
    <system-out><![CDATA[/api/users?page=2
]]></system-out>
    <system-err><![CDATA[1705320095878	RemoteAgent	INFO	Perform WebSocket upgrade for incoming connection from 127.0.0.1:56766
1705320095888	CDP	WARN	Invalid browser preferences for CDP. Set "fission.webContentIsolationStrategy"to 0 and "fission.bfcacheInParent" to false before Firefox starts.
1705320095897	Marionette	INFO	Stopped listening on port 56707
Dynamically enable window occlusion 1
1705320096888	geckodriver	INFO	Listening on 127.0.0.1:19654
1705320096925	mozrunner::runner	INFO	Running command: "C:\\Program Files\\Mozilla Firefox\\firefox.exe" "--marionette" "--remote-debugging-port" "41635" "--remote ... localhost:41635/,http://[::1]:41635/" "-no-remote" "-profile" "C:\\Users\\Parag\\AppData\\Local\\Temp\\rust_mozprofileZqIaZU"
console.warn: services.settings: Ignoring preference override of remote settings server
console.warn: services.settings: Allow by setting MOZ_REMOTE_SETTINGS_DEVTOOLS=1 in the environment
1705320097229	Marionette	INFO	Marionette enabled
Dynamically enable window occlusion 0
1705320097300	Marionette	INFO	Listening on port 56776
WebDriver BiDi listening on ws://127.0.0.1:41635
Read port: 56776
1705320097452	RemoteAgent	WARN	TLS certificate errors will be ignored for this session
DevTools listening on ws://127.0.0.1:41635/devtools/browser/361d4419-b9d5-40ea-b920-b15f7d3a3eb9
]]></system-err>
  </testcase>
  <testcase name="testReqresListUsers" classname="testcase.TestReqresApi" time="0.109">
    <system-out><![CDATA[HTTP/1.1 200 OK
Date: Mon, 15 Jan 2024 12:01:52 GMT
Content-Type: application/json; charset=utf-8
Transfer-Encoding: chunked
Connection: keep-alive
Report-To: {"group":"heroku-nel","max_age":3600,"endpoints":[{"url":"https://nel.heroku.com/reports?ts=1704873548&sid=c4c9725f-1ab0-44d8-820f-430df2718e11&s=%2Bj2XJ%2F7RFtzKn7KvrmagjguJe8K6qgykK%2BmU3ercPRQ%3D"}]}
Reporting-Endpoints: heroku-nel=https://nel.heroku.com/reports?ts=1704873548&sid=c4c9725f-1ab0-44d8-820f-430df2718e11&s=%2Bj2XJ%2F7RFtzKn7KvrmagjguJe8K6qgykK%2BmU3ercPRQ%3D
Nel: {"report_to":"heroku-nel","max_age":3600,"success_fraction":0.005,"failure_fraction":0.05,"response_headers":["Via"]}
X-Powered-By: Express
Access-Control-Allow-Origin: *
Etag: W/"406-ut0vzoCuidvyMf8arZpMpJ6ZRDw"
Via: 1.1 vegur
Cache-Control: max-age=14400
CF-Cache-Status: HIT
Age: 6947
Vary: Accept-Encoding
Server: cloudflare
CF-RAY: 845df76c09082144-BBI
Content-Encoding: gzip

{
    "page": 2,
    "per_page": 6,
    "total": 12,
    "total_pages": 2,
    "data": [
        {
            "id": 7,
            "email": "michael.lawson@reqres.in",
            "first_name": "Michael",
            "last_name": "Lawson",
            "avatar": "https://reqres.in/img/faces/7-image.jpg"
        },
        {
            "id": 8,
            "email": "lindsay.ferguson@reqres.in",
            "first_name": "Lindsay",
            "last_name": "Ferguson",
            "avatar": "https://reqres.in/img/faces/8-image.jpg"
        },
        {
            "id": 9,
            "email": "tobias.funke@reqres.in",
            "first_name": "Tobias",
            "last_name": "Funke",
            "avatar": "https://reqres.in/img/faces/9-image.jpg"
        },
        {
            "id": 10,
            "email": "byron.fields@reqres.in",
            "first_name": "Byron",
            "last_name": "Fields",
            "avatar": "https://reqres.in/img/faces/10-image.jpg"
        },
        {
            "id": 11,
            "email": "george.edwards@reqres.in",
            "first_name": "George",
            "last_name": "Edwards",
            "avatar": "https://reqres.in/img/faces/11-image.jpg"
        },
        {
            "id": 12,
            "email": "rachel.howell@reqres.in",
            "first_name": "Rachel",
            "last_name": "Howell",
            "avatar": "https://reqres.in/img/faces/12-image.jpg"
        }
    ],
    "support": {
        "url": "https://reqres.in/#support-heading",
        "text": "To keep ReqRes free, contributions towards server costs are appreciated!"
    }
}
]]></system-out>
    <system-err><![CDATA[1705320102674	RemoteAgent	INFO	Perform WebSocket upgrade for incoming connection from 127.0.0.1:56850
1705320102677	CDP	WARN	Invalid browser preferences for CDP. Set "fission.webContentIsolationStrategy"to 0 and "fission.bfcacheInParent" to false before Firefox starts.
1705320102685	Marionette	INFO	Stopped listening on port 56776
JavaScript warning: https://codesandbox.io/public/14/vs/editor/editor.main.js, line 83: Script terminated by timeout at:
n@https://codesandbox.io/public/14/vs/editor/editor.main.js:83:372
t.createRegExp@https://codesandbox.io/public/14/vs/editor/editor.main.js:85:700
e.prototype.computeOverridePropertyPattern/this.overridePropertyPattern<@https://codesandbox.io/public/14/vs/editor/editor.main.js:1229:911
e.prototype.computeOverridePropertyPattern@https://codesandbox.io/public/14/vs/editor/editor.main.js:1229:886
e.prototype.updateOverridePropertyPatternKey@https://codesandbox.io/public/14/vs/editor/editor.main.js:1229:152
e.prototype.registerOverrideIdentifiers@https://codesandbox.io/public/14/vs/editor/editor.main.js:1226:163
e.prototype._registerLanguages@https://codesandbox.io/public/14/vs/editor/editor.main.js:1278:827
e/<@https://codesandbox.io/public/14/vs/editor/editor.main.js:1278:298
e.prototype.fire@https://codesandbox.io/public/14/vs/editor/editor.main.js:156:218
e.prototype.registerLanguage@https://codesandbox.io/public/14/vs/editor/editor.main.js:1222:207
p@https://codesandbox.io/public/14/vs/editor/editor.main.js:2139:839
n.registerLanguage@https://codesandbox.io/public/14/vs/editor/editor.main.js:2186:491
@https://codesandbox.io/public/14/vs/editor/editor.main.js:2186:20737
t._invokeFactory@https://codesandbox.io/public/14/vs/loader.js:23:71
t.prototype.complete@https://codesandbox.io/public/14/vs/loader.js:23:266
s.prototype._onModuleComplete@https://codesandbox.io/public/14/vs/loader.js:33:419
s.prototype._onModuleComplete@https://codesandbox.io/public/14/vs/loader.js:33:663
s.prototype._onModuleComplete@https://codesandbox.io/public/14/vs/loader.js:33:663
s.prototype._onModuleComplete@https://codesandbox.io/public/14/vs/loader.js:33:663
s.prototype._onModuleComplete@https://codesandbox.io/public/14/vs/loader.js:33:663
s.prototype._onModuleComplete@https://codesandbox.io/public/14/vs/loader.js:33:663
s.prototype._onModuleComplete@https://codesandbox.io/public/14/vs/loader.js:33:663
s.prototype._onModuleComplete@https://codesandbox.io/public/14/vs/loader.js:33:663
s.prototype._onModuleComplete@https://codesandbox.io/public/14/vs/loader.js:33:663
s.prototype._resolve@https://codesandbox.io/public/14/vs/loader.js:32:970
s.prototype.defineModule@https://codesandbox.io/public/14/vs/loader.js:27:424
o@https://codesandbox.io/public/14/vs/loader.js:31:519
e.prototype.load/<@https://codesandbox.io/public/14/vs/editor/editor.main.js:10:563
e.prototype._onLoad@https://codesandbox.io/public/14/vs/editor/editor.main.js:9:422
e.prototype.createLinkTag/t<@https://codesandbox.io/public/14/vs/editor/editor.main.js:9:997
r@https://codesandbox.io/public/14/vs/editor/editor.main.js:9:278

JavaScript warning: https://cdn.carbonads.com/carbon.js?serve=CE7D6K3E&placement=reqresin, line 1: Script terminated by timeout at:
remove@https://cdn.carbonads.com/carbon.js?serve=CE7D6K3E&placement=reqresin:1:12567
refresh@https://cdn.carbonads.com/carbon.js?serve=CE7D6K3E&placement=reqresin:1:12253
timerID<@https://reqres.in/js/app.js:166:67

Dynamically enable window occlusion 1
1705320103580	geckodriver	INFO	Listening on 127.0.0.1:43304
1705320103619	mozrunner::runner	INFO	Running command: "C:\\Program Files\\Mozilla Firefox\\firefox.exe" "--marionette" "--remote-debugging-port" "23037" "--remote ... localhost:23037/,http://[::1]:23037/" "-no-remote" "-profile" "C:\\Users\\Parag\\AppData\\Local\\Temp\\rust_mozprofile9fCS6E"
console.warn: services.settings: Ignoring preference override of remote settings server
console.warn: services.settings: Allow by setting MOZ_REMOTE_SETTINGS_DEVTOOLS=1 in the environment
1705320103902	Marionette	INFO	Marionette enabled
Dynamically enable window occlusion 0
1705320103986	Marionette	INFO	Listening on port 56862
WebDriver BiDi listening on ws://127.0.0.1:23037
Read port: 56862
1705320104143	RemoteAgent	WARN	TLS certificate errors will be ignored for this session
DevTools listening on ws://127.0.0.1:23037/devtools/browser/c30df50f-6699-4fa2-b0c6-faf9f15d9532
]]></system-err>
  </testcase>
</testsuite>