<?xml version="1.0" encoding="UTF-8"?>
<!-- Generated by org.testng.reporters.JUnitReportReporter -->
<testsuite hostname="LAPTOP-8USUBBG6" failures="0" tests="4" name="testcase.TestReqresApi" time="25.489" errors="0" timestamp="2024-01-17T19:10:26 IST" skipped="0">
  <testcase classname="testcase.TestReqresApi" name="requresHomePage" time="8.764"/>
  <testcase classname="testcase.TestReqresApi" name="fetchListUsersUrl" time="5.614"/>
  <testcase classname="testcase.TestReqresApi" name="testReqresListUsers" time="3.963"/>
  <testcase classname="testcase.TestReqresApi" name="testCreateUser" time="7.148"/>
</testsuite> <!-- testcase.TestReqresApi -->
