<?xml version="1.0" encoding="UTF-8"?>
<!-- Generated by org.testng.reporters.JUnitReportReporter -->
<testsuite hostname="LAPTOP-8USUBBG6" failures="0" tests="1" name="testcase.TestCaseW3school" time="10.524" errors="0" timestamp="2024-01-12T22:52:07 IST" skipped="0">
  <testcase classname="testcase.TestCaseW3school" name="gorestApiGetToken" time="10.524"/>
</testsuite> <!-- testcase.TestCaseW3school -->
