<?xml version="1.0" encoding="UTF-8"?>
<!-- Generated by org.testng.reporters.JUnitReportReporter -->
<testsuite hostname="LAPTOP-8USUBBG6" failures="0" tests="1" name="testcase.FirstTest1" time="6.958" errors="0" timestamp="2024-01-11T19:59:23 IST" skipped="0">
  <testcase classname="testcase.FirstTest1" name="firstCase" time="6.958"/>
</testsuite> <!-- testcase.FirstTest1 -->
