<?xml version="1.0" encoding="UTF-8"?>
<!-- Generated by org.testng.reporters.JUnitReportReporter -->
<testsuite hostname="LAPTOP-8USUBBG6" failures="0" tests="1" name="testcase.W3schoolTest" time="6.792" errors="0" timestamp="2024-01-11T20:07:18 IST" skipped="0">
  <testcase classname="testcase.W3schoolTest" name="firstCase" time="6.792"/>
</testsuite> <!-- testcase.W3schoolTest -->
