<?xml version="1.0" encoding="UTF-8"?>
<!-- Generated by org.testng.reporters.JUnitReportReporter -->
<testsuite hostname="LAPTOP-8USUBBG6" failures="0" tests="1" name="testcase.TestReqresApi" time="12.009" errors="0" timestamp="2024-01-15T21:40:04 IST" skipped="0">
  <testcase classname="testcase.TestReqresApi" name="testCreateUser" time="12.009"/>
</testsuite> <!-- testcase.TestReqresApi -->
