<?xml version="1.0" encoding="UTF-8"?>
<!-- Generated by org.testng.reporters.JUnitReportReporter -->
<testsuite hostname="LAPTOP-8USUBBG6" failures="0" tests="4" name="testcase.TestReqresApiObject" time="29.745" errors="0" timestamp="2024-01-17T18:22:16 IST" skipped="0">
  <testcase classname="testcase.TestReqresApiObject" name="requresHomePage" time="8.707"/>
  <testcase classname="testcase.TestReqresApiObject" name="fetchListUsersUrl" time="6.419"/>
  <testcase classname="testcase.TestReqresApiObject" name="testReqresListUsers" time="6.370"/>
  <testcase classname="testcase.TestReqresApiObject" name="testCreateUser" time="8.249"/>
</testsuite> <!-- testcase.TestReqresApiObject -->
