<?xml version="1.0" encoding="UTF-8"?>
<!-- Generated by org.testng.reporters.JUnitReportReporter -->
<testsuite hostname="LAPTOP-8USUBBG6" failures="0" tests="3" name="testcase.TestReqresApi" time="18.737" errors="0" timestamp="2024-01-13T22:07:18 IST" skipped="0">
  <testcase classname="testcase.TestReqresApi" name="requresHomePage" time="6.340"/>
  <testcase classname="testcase.TestReqresApi" name="fetchListUsersUrl" time="7.272"/>
  <testcase classname="testcase.TestReqresApi" name="testReqresListUsers" time="5.125"/>
</testsuite> <!-- testcase.TestReqresApi -->
