<?xml version="1.0" encoding="UTF-8"?>
<!-- Generated by org.testng.reporters.JUnitReportReporter -->
<testsuite hostname="LAPTOP-8USUBBG6" failures="0" tests="1" name="testcase.TestGorestApi" time="2.547" errors="0" timestamp="2024-01-13T16:41:58 IST" skipped="0">
  <testcase classname="testcase.TestGorestApi" name="testGorestCreateUser" time="2.547"/>
</testsuite> <!-- testcase.TestGorestApi -->
