<?xml version="1.0" encoding="UTF-8"?>
<!-- Generated by org.testng.reporters.JUnitReportReporter -->
<testsuite hostname="LAPTOP-8USUBBG6" failures="0" tests="1" name="testcase.TestW3School" time="5.806" errors="0" timestamp="2024-01-11T20:17:22 IST" skipped="0">
  <testcase classname="testcase.TestW3School" name="testW3schoolHomePage" time="5.806"/>
</testsuite> <!-- testcase.TestW3School -->
