<?xml version="1.0" encoding="UTF-8"?>
<!-- Generated by org.testng.reporters.JUnitReportReporter -->
<testsuite hostname="LAPTOP-8USUBBG6" failures="0" tests="3" name="testcase.TestReqresApi" time="19.526" errors="0" timestamp="2024-01-13T22:13:04 IST" skipped="0">
  <testcase classname="testcase.TestReqresApi" name="requresHomePage" time="9.230"/>
  <testcase classname="testcase.TestReqresApi" name="fetchListUsersUrl" time="6.572"/>
  <testcase classname="testcase.TestReqresApi" name="testReqresListUsers" time="3.724"/>
</testsuite> <!-- testcase.TestReqresApi -->
