<?xml version="1.0" encoding="UTF-8"?>
<!-- Generated by org.testng.reporters.JUnitReportReporter -->
<testsuite hostname="LAPTOP-8USUBBG6" failures="0" tests="2" name="testcase.TestGorestApi" time="5.341" errors="0" timestamp="2024-01-13T22:13:04 IST" skipped="0">
  <testcase classname="testcase.TestGorestApi" name="testGorestListUsers" time="3.170"/>
  <testcase classname="testcase.TestGorestApi" name="testGorestCreateUser" time="2.171"/>
</testsuite> <!-- testcase.TestGorestApi -->
