<?xml version="1.0" encoding="UTF-8"?>
<!-- Generated by org.testng.reporters.JUnitReportReporter -->
<testsuite hostname="LAPTOP-8USUBBG6" failures="0" tests="5" name="testcase.TestCaseW3school" time="35.583" errors="0" timestamp="2024-01-13T22:13:04 IST" skipped="0">
  <testcase classname="testcase.TestCaseW3school" name="testLaunchHomePage" time="4.360"/>
  <testcase classname="testcase.TestCaseW3school" name="testClickJavaTab" time="6.274"/>
  <testcase classname="testcase.TestCaseW3school" name="testClickTutorialLink" time="6.221"/>
  <testcase classname="testcase.TestCaseW3school" name="testCLickHomeCtaOnJavaPage" time="9.052"/>
  <testcase classname="testcase.TestCaseW3school" name="gorestApiGetToken" time="9.676"/>
</testsuite> <!-- testcase.TestCaseW3school -->
