<?xml version="1.0" encoding="UTF-8"?>
<!-- Generated by org.testng.reporters.JUnitReportReporter -->
<testsuite hostname="LAPTOP-8USUBBG6" failures="0" tests="5" name="testcase.TestCaseW3school" time="37.457" errors="0" timestamp="2024-01-15T17:31:47 IST" skipped="0">
  <testcase classname="testcase.TestCaseW3school" name="testLaunchHomePage" time="4.732"/>
  <testcase classname="testcase.TestCaseW3school" name="testClickJavaTab" time="7.121"/>
  <testcase classname="testcase.TestCaseW3school" name="testClickTutorialLink" time="6.515"/>
  <testcase classname="testcase.TestCaseW3school" name="testCLickHomeCtaOnJavaPage" time="7.601"/>
  <testcase classname="testcase.TestCaseW3school" name="gorestApiGetToken" time="11.488"/>
</testsuite> <!-- testcase.TestCaseW3school -->
