<?xml version="1.0" encoding="UTF-8"?>
<!-- Generated by org.testng.reporters.JUnitReportReporter -->
<testsuite hostname="LAPTOP-8USUBBG6" failures="0" tests="3" name="testcase.TestReqresApi" time="17.272" errors="0" timestamp="2024-01-15T17:31:47 IST" skipped="0">
  <testcase classname="testcase.TestReqresApi" name="requresHomePage" time="6.651"/>
  <testcase classname="testcase.TestReqresApi" name="fetchListUsersUrl" time="7.535"/>
  <testcase classname="testcase.TestReqresApi" name="testReqresListUsers" time="3.086"/>
</testsuite> <!-- testcase.TestReqresApi -->
