<?xml version="1.0" encoding="UTF-8"?>
<!-- Generated by org.testng.reporters.JUnitReportReporter -->
<testsuite hostname="LAPTOP-8USUBBG6" failures="0" tests="2" name="testcase.TestGorestApi" time="3.480" errors="0" timestamp="2024-01-15T17:31:47 IST" skipped="0">
  <testcase classname="testcase.TestGorestApi" name="testGorestListUsers" time="2.184"/>
  <testcase classname="testcase.TestGorestApi" name="testGorestCreateUser" time="1.296"/>
</testsuite> <!-- testcase.TestGorestApi -->
